PLINK v1.90b3.42 64-bit (20 Sep 2016)
Options in effect:
  --ld-snp rs4784323
  --ld-window 99999
  --ld-window-kb 1000
  --ld-window-r2 0.05
  --out ExampleLocus
  --r2
  --vcf Genotypes_CHR16_53500000-54000000.vcf

Hostname: 061c0deef7b8
Working directory: /home/jovyan/work/GenomeDB/Sandbox
Start time: Wed Oct 26 22:46:12 2016

Random number seed: 1477521972
995 MB RAM detected; reserving 497 MB for main workspace.
--vcf: ExampleLocus-temporary.bed + ExampleLocus-temporary.bim +
ExampleLocus-temporary.fam written.
13650 variants loaded from .bim file.
2504 people (0 males, 0 females, 2504 ambiguous) loaded from .fam.
Ambiguous sex IDs written to ExampleLocus.nosex .
Using 1 thread.
Before main variant filters, 2504 founders and 0 nonfounders present.
Calculating allele frequencies... done.
Total genotyping rate is 0.999874.
13650 variants and 2504 people pass filters and QC.
Note: No phenotypes present.
--r2 to ExampleLocus.ld ... done.

End time: Wed Oct 26 22:46:13 2016
